#
# There is insufficient memory for the Java Runtime Environment to continue.
# Native memory allocation (malloc) failed to allocate 301296 bytes for Chunk::new
# Possible reasons:
#   The system is out of physical RAM or swap space
#   The process is running with CompressedOops enabled, and the Java Heap may be blocking the growth of the native heap
# Possible solutions:
#   Reduce memory load on the system
#   Increase physical memory or swap space
#   Check if swap backing store is full
#   Decrease Java heap size (-Xmx/-Xms)
#   Decrease number of Java threads
#   Decrease Java thread stack sizes (-Xss)
#   Set larger code cache with -XX:ReservedCodeCacheSize=
#   JVM is running with Unscaled Compressed Oops mode in which the Java heap is
#     placed in the first 4GB address space. The Java Heap base address is the
#     maximum limit for the native heap growth. Please use -XX:HeapBaseMinAddress
#     to set the Java Heap base and to place the Java Heap above 4GB virtual address.
# This output file may be truncated or incomplete.
#
#  Out of Memory Error (arena.cpp:189), pid=21856, tid=17236
#
# JRE version: OpenJDK Runtime Environment Temurin-17.0.7+7 (17.0.7+7) (build 17.0.7+7)
# Java VM: OpenJDK 64-Bit Server VM Temurin-17.0.7+7 (17.0.7+7, mixed mode, tiered, compressed oops, compressed class ptrs, g1 gc, windows-amd64)
# No core dump will be written. Minidumps are not enabled by default on client versions of Windows
#

---------------  S U M M A R Y ------------

Command Line: -ea -Dfile.encoding=UTF-8 -Dstdout.encoding=UTF-8 -Dstderr.encoding=UTF-8 -XX:+ShowCodeDetailsInExceptionMessages org.testng.remote.RemoteTestNG -serport 60827 -protocol json -d C:\Users\dell\eclipse-workspace\com.seleniumAssignment\test-output C:\Users\dell\eclipse-workspace\com.seleniumAssignment\src\test\resources\testRunners\testng_sanity.xml

Host: Intel(R) Core(TM) i5-8265U CPU @ 1.60GHz, 8 cores, 7G,  Windows 10 , 64 bit Build 19041 (10.0.19041.3636)
Time: Sun Sep 15 19:47:00 2024 India Standard Time elapsed time: 0.730822 seconds (0d 0h 0m 0s)

---------------  T H R E A D  ---------------

Current thread (0x000001c327aa7870):  JavaThread "C2 CompilerThread0" daemon [_thread_in_native, id=17236, stack(0x0000008512100000,0x0000008512200000)]


Current CompileTask:
C2:    730  996       4       jdk.internal.org.objectweb.asm.SymbolTable::addConstantUtf8 (98 bytes)

Stack: [0x0000008512100000,0x0000008512200000]
Native frames: (J=compiled Java code, j=interpreted, Vv=VM code, C=native code)
V  [jvm.dll+0x67754a]
V  [jvm.dll+0x834304]
V  [jvm.dll+0x835aae]
V  [jvm.dll+0x836113]
V  [jvm.dll+0x24696f]
V  [jvm.dll+0xac0ac]
V  [jvm.dll+0xac67c]
V  [jvm.dll+0x364de2]
V  [jvm.dll+0x32f6b1]
V  [jvm.dll+0x32eb5a]
V  [jvm.dll+0x219641]
V  [jvm.dll+0x218a61]
V  [jvm.dll+0x1a4d8d]
V  [jvm.dll+0x2284da]
V  [jvm.dll+0x226615]
V  [jvm.dll+0x7ea90b]
V  [jvm.dll+0x7e4e7a]
V  [jvm.dll+0x676395]
C  [ucrtbase.dll+0x21bb2]
C  [KERNEL32.DLL+0x17344]
C  [ntdll.dll+0x526b1]


---------------  P R O C E S S  ---------------

Threads class SMR info:
_java_thread_list=0x000001c32c634fb0, length=15, elements={
0x000001c30bb31290, 0x000001c327a31ea0, 0x000001c327a5e360, 0x000001c327a9fec0,
0x000001c327aa0780, 0x000001c327aa1f80, 0x000001c327aa2840, 0x000001c327aa7870,
0x000001c327aac190, 0x000001c327aad230, 0x000001c327c23210, 0x000001c327c39e30,
0x000001c327c29f10, 0x000001c32c021730, 0x000001c32c30a0c0
}

Java Threads: ( => current thread )
  0x000001c30bb31290 JavaThread "main" [_thread_in_Java, id=15464, stack(0x0000008511400000,0x0000008511500000)]
  0x000001c327a31ea0 JavaThread "Reference Handler" daemon [_thread_blocked, id=16712, stack(0x0000008511b00000,0x0000008511c00000)]
  0x000001c327a5e360 JavaThread "Finalizer" daemon [_thread_blocked, id=17892, stack(0x0000008511c00000,0x0000008511d00000)]
  0x000001c327a9fec0 JavaThread "Signal Dispatcher" daemon [_thread_blocked, id=23224, stack(0x0000008511d00000,0x0000008511e00000)]
  0x000001c327aa0780 JavaThread "Attach Listener" daemon [_thread_blocked, id=4092, stack(0x0000008511e00000,0x0000008511f00000)]
  0x000001c327aa1f80 JavaThread "Service Thread" daemon [_thread_blocked, id=27400, stack(0x0000008511f00000,0x0000008512000000)]
  0x000001c327aa2840 JavaThread "Monitor Deflation Thread" daemon [_thread_blocked, id=5696, stack(0x0000008512000000,0x0000008512100000)]
=>0x000001c327aa7870 JavaThread "C2 CompilerThread0" daemon [_thread_in_native, id=17236, stack(0x0000008512100000,0x0000008512200000)]
  0x000001c327aac190 JavaThread "C1 CompilerThread0" daemon [_thread_in_native, id=16304, stack(0x0000008512200000,0x0000008512300000)]
  0x000001c327aad230 JavaThread "Sweeper thread" daemon [_thread_blocked, id=25552, stack(0x0000008512300000,0x0000008512400000)]
  0x000001c327c23210 JavaThread "Notification Thread" daemon [_thread_blocked, id=3460, stack(0x0000008512400000,0x0000008512500000)]
  0x000001c327c39e30 JavaThread "Common-Cleaner" daemon [_thread_blocked, id=26184, stack(0x0000008512600000,0x0000008512700000)]
  0x000001c327c29f10 JavaThread "C2 CompilerThread1" daemon [_thread_in_native, id=2336, stack(0x0000008512700000,0x0000008512800000)]
  0x000001c32c021730 JavaThread "C2 CompilerThread2" daemon [_thread_blocked, id=24220, stack(0x0000008512800000,0x0000008512900000)]
  0x000001c32c30a0c0 JavaThread "ReaderThread" [_thread_in_native, id=12872, stack(0x0000008512a00000,0x0000008512b00000)]

Other Threads:
  0x000001c327a4d7d0 VMThread "VM Thread" [stack: 0x0000008511a00000,0x0000008511b00000] [id=10856]
  0x000001c30bba8e70 WatcherThread [stack: 0x0000008512500000,0x0000008512600000] [id=23016]
  0x000001c30bb8f280 GCTaskThread "GC Thread#0" [stack: 0x0000008511500000,0x0000008511600000] [id=24976]
  0x000001c30bba04b0 ConcurrentGCThread "G1 Main Marker" [stack: 0x0000008511600000,0x0000008511700000] [id=4976]
  0x000001c30bba0dd0 ConcurrentGCThread "G1 Conc#0" [stack: 0x0000008511700000,0x0000008511800000] [id=12984]
  0x000001c32789b510 ConcurrentGCThread "G1 Refine#0" [stack: 0x0000008511800000,0x0000008511900000] [id=25004]
  0x000001c32789bd40 ConcurrentGCThread "G1 Service" [stack: 0x0000008511900000,0x0000008511a00000] [id=26656]

Threads with active compile tasks:
C2 CompilerThread0      758  996       4       jdk.internal.org.objectweb.asm.SymbolTable::addConstantUtf8 (98 bytes)
C1 CompilerThread0      758 1094       3       java.lang.String::join (281 bytes)
C2 CompilerThread1      758 1071       4       jdk.internal.org.objectweb.asm.Frame::execute (2305 bytes)

VM state: not at safepoint (normal execution)

VM Mutex/Monitor currently owned by a thread:  ([mutex/lock_event])
[0x000001c30bb2c140] Compile_lock - owner thread: 0x0000000000000000

Heap address: 0x0000000081e00000, size: 2018 MB, Compressed Oops mode: 32-bit

CDS archive(s) not mapped
Compressed class space mapped at: 0x0000000100000000-0x0000000140000000, reserved size: 1073741824
Narrow klass base: 0x0000000000000000, Narrow klass shift: 3, Narrow klass range: 0x140000000

GC Precious Log:
 CPUs: 8 total, 8 available
 Memory: 8067M
 Large Page Support: Disabled
 NUMA Support: Disabled
 Compressed Oops: Enabled (32-bit)
 Heap Region Size: 1M
 Heap Min Capacity: 8M
 Heap Initial Capacity: 128M
 Heap Max Capacity: 2018M
 Pre-touch: Disabled
 Parallel Workers: 8
 Concurrent Workers: 2
 Concurrent Refinement Workers: 8
 Periodic GC: Disabled

Heap:
 garbage-first heap   total 131072K, used 21504K [0x0000000081e00000, 0x0000000100000000)
  region size 1024K, 19 young (19456K), 0 survivors (0K)
 Metaspace       used 13960K, committed 14144K, reserved 1114112K
  class space    used 1385K, committed 1472K, reserved 1048576K

Heap Regions: E=young(eden), S=young(survivor), O=old, HS=humongous(starts), HC=humongous(continues), CS=collection set, F=free, OA=open archive, CA=closed archive, TAMS=top-at-mark-start (previous, next)
|   0|0x0000000081e00000, 0x0000000081f00000, 0x0000000081f00000|100%|HS|  |TAMS 0x0000000081e00000, 0x0000000081e00000| Complete 
|   1|0x0000000081f00000, 0x0000000082000000, 0x0000000082000000|100%|HS|  |TAMS 0x0000000081f00000, 0x0000000081f00000| Complete 
|   2|0x0000000082000000, 0x0000000082100000, 0x0000000082100000|100%|HC|  |TAMS 0x0000000082000000, 0x0000000082000000| Complete 
|   3|0x0000000082100000, 0x0000000082200000, 0x0000000082200000|100%|HC|  |TAMS 0x0000000082100000, 0x0000000082100000| Complete 
|   4|0x0000000082200000, 0x0000000082200000, 0x0000000082300000|  0%| F|  |TAMS 0x0000000082200000, 0x0000000082200000| Untracked 
|   5|0x0000000082300000, 0x0000000082300000, 0x0000000082400000|  0%| F|  |TAMS 0x0000000082300000, 0x0000000082300000| Untracked 
|   6|0x0000000082400000, 0x0000000082400000, 0x0000000082500000|  0%| F|  |TAMS 0x0000000082400000, 0x0000000082400000| Untracked 
|   7|0x0000000082500000, 0x0000000082500000, 0x0000000082600000|  0%| F|  |TAMS 0x0000000082500000, 0x0000000082500000| Untracked 
|   8|0x0000000082600000, 0x0000000082600000, 0x0000000082700000|  0%| F|  |TAMS 0x0000000082600000, 0x0000000082600000| Untracked 
|   9|0x0000000082700000, 0x0000000082700000, 0x0000000082800000|  0%| F|  |TAMS 0x0000000082700000, 0x0000000082700000| Untracked 
|  10|0x0000000082800000, 0x0000000082800000, 0x0000000082900000|  0%| F|  |TAMS 0x0000000082800000, 0x0000000082800000| Untracked 
|  11|0x0000000082900000, 0x0000000082900000, 0x0000000082a00000|  0%| F|  |TAMS 0x0000000082900000, 0x0000000082900000| Untracked 
|  12|0x0000000082a00000, 0x0000000082a00000, 0x0000000082b00000|  0%| F|  |TAMS 0x0000000082a00000, 0x0000000082a00000| Untracked 
|  13|0x0000000082b00000, 0x0000000082b00000, 0x0000000082c00000|  0%| F|  |TAMS 0x0000000082b00000, 0x0000000082b00000| Untracked 
|  14|0x0000000082c00000, 0x0000000082c00000, 0x0000000082d00000|  0%| F|  |TAMS 0x0000000082c00000, 0x0000000082c00000| Untracked 
|  15|0x0000000082d00000, 0x0000000082d00000, 0x0000000082e00000|  0%| F|  |TAMS 0x0000000082d00000, 0x0000000082d00000| Untracked 
|  16|0x0000000082e00000, 0x0000000082e00000, 0x0000000082f00000|  0%| F|  |TAMS 0x0000000082e00000, 0x0000000082e00000| Untracked 
|  17|0x0000000082f00000, 0x0000000082f00000, 0x0000000083000000|  0%| F|  |TAMS 0x0000000082f00000, 0x0000000082f00000| Untracked 
|  18|0x0000000083000000, 0x0000000083000000, 0x0000000083100000|  0%| F|  |TAMS 0x0000000083000000, 0x0000000083000000| Untracked 
|  19|0x0000000083100000, 0x0000000083100000, 0x0000000083200000|  0%| F|  |TAMS 0x0000000083100000, 0x0000000083100000| Untracked 
|  20|0x0000000083200000, 0x0000000083200000, 0x0000000083300000|  0%| F|  |TAMS 0x0000000083200000, 0x0000000083200000| Untracked 
|  21|0x0000000083300000, 0x0000000083300000, 0x0000000083400000|  0%| F|  |TAMS 0x0000000083300000, 0x0000000083300000| Untracked 
|  22|0x0000000083400000, 0x0000000083400000, 0x0000000083500000|  0%| F|  |TAMS 0x0000000083400000, 0x0000000083400000| Untracked 
|  23|0x0000000083500000, 0x0000000083500000, 0x0000000083600000|  0%| F|  |TAMS 0x0000000083500000, 0x0000000083500000| Untracked 
|  24|0x0000000083600000, 0x0000000083600000, 0x0000000083700000|  0%| F|  |TAMS 0x0000000083600000, 0x0000000083600000| Untracked 
|  25|0x0000000083700000, 0x0000000083700000, 0x0000000083800000|  0%| F|  |TAMS 0x0000000083700000, 0x0000000083700000| Untracked 
|  26|0x0000000083800000, 0x0000000083800000, 0x0000000083900000|  0%| F|  |TAMS 0x0000000083800000, 0x0000000083800000| Untracked 
|  27|0x0000000083900000, 0x0000000083900000, 0x0000000083a00000|  0%| F|  |TAMS 0x0000000083900000, 0x0000000083900000| Untracked 
|  28|0x0000000083a00000, 0x0000000083a00000, 0x0000000083b00000|  0%| F|  |TAMS 0x0000000083a00000, 0x0000000083a00000| Untracked 
|  29|0x0000000083b00000, 0x0000000083b00000, 0x0000000083c00000|  0%| F|  |TAMS 0x0000000083b00000, 0x0000000083b00000| Untracked 
|  30|0x0000000083c00000, 0x0000000083c00000, 0x0000000083d00000|  0%| F|  |TAMS 0x0000000083c00000, 0x0000000083c00000| Untracked 
|  31|0x0000000083d00000, 0x0000000083d00000, 0x0000000083e00000|  0%| F|  |TAMS 0x0000000083d00000, 0x0000000083d00000| Untracked 
|  32|0x0000000083e00000, 0x0000000083e00000, 0x0000000083f00000|  0%| F|  |TAMS 0x0000000083e00000, 0x0000000083e00000| Untracked 
|  33|0x0000000083f00000, 0x0000000083f00000, 0x0000000084000000|  0%| F|  |TAMS 0x0000000083f00000, 0x0000000083f00000| Untracked 
|  34|0x0000000084000000, 0x0000000084000000, 0x0000000084100000|  0%| F|  |TAMS 0x0000000084000000, 0x0000000084000000| Untracked 
|  35|0x0000000084100000, 0x0000000084100000, 0x0000000084200000|  0%| F|  |TAMS 0x0000000084100000, 0x0000000084100000| Untracked 
|  36|0x0000000084200000, 0x0000000084200000, 0x0000000084300000|  0%| F|  |TAMS 0x0000000084200000, 0x0000000084200000| Untracked 
|  37|0x0000000084300000, 0x0000000084300000, 0x0000000084400000|  0%| F|  |TAMS 0x0000000084300000, 0x0000000084300000| Untracked 
|  38|0x0000000084400000, 0x0000000084400000, 0x0000000084500000|  0%| F|  |TAMS 0x0000000084400000, 0x0000000084400000| Untracked 
|  39|0x0000000084500000, 0x0000000084500000, 0x0000000084600000|  0%| F|  |TAMS 0x0000000084500000, 0x0000000084500000| Untracked 
|  40|0x0000000084600000, 0x0000000084600000, 0x0000000084700000|  0%| F|  |TAMS 0x0000000084600000, 0x0000000084600000| Untracked 
|  41|0x0000000084700000, 0x0000000084700000, 0x0000000084800000|  0%| F|  |TAMS 0x0000000084700000, 0x0000000084700000| Untracked 
|  42|0x0000000084800000, 0x0000000084800000, 0x0000000084900000|  0%| F|  |TAMS 0x0000000084800000, 0x0000000084800000| Untracked 
|  43|0x0000000084900000, 0x0000000084900000, 0x0000000084a00000|  0%| F|  |TAMS 0x0000000084900000, 0x0000000084900000| Untracked 
|  44|0x0000000084a00000, 0x0000000084a00000, 0x0000000084b00000|  0%| F|  |TAMS 0x0000000084a00000, 0x0000000084a00000| Untracked 
|  45|0x0000000084b00000, 0x0000000084b00000, 0x0000000084c00000|  0%| F|  |TAMS 0x0000000084b00000, 0x0000000084b00000| Untracked 
|  46|0x0000000084c00000, 0x0000000084c00000, 0x0000000084d00000|  0%| F|  |TAMS 0x0000000084c00000, 0x0000000084c00000| Untracked 
|  47|0x0000000084d00000, 0x0000000084d00000, 0x0000000084e00000|  0%| F|  |TAMS 0x0000000084d00000, 0x0000000084d00000| Untracked 
|  48|0x0000000084e00000, 0x0000000084e00000, 0x0000000084f00000|  0%| F|  |TAMS 0x0000000084e00000, 0x0000000084e00000| Untracked 
|  49|0x0000000084f00000, 0x0000000084f00000, 0x0000000085000000|  0%| F|  |TAMS 0x0000000084f00000, 0x0000000084f00000| Untracked 
|  50|0x0000000085000000, 0x0000000085000000, 0x0000000085100000|  0%| F|  |TAMS 0x0000000085000000, 0x0000000085000000| Untracked 
|  51|0x0000000085100000, 0x0000000085100000, 0x0000000085200000|  0%| F|  |TAMS 0x0000000085100000, 0x0000000085100000| Untracked 
|  52|0x0000000085200000, 0x0000000085200000, 0x0000000085300000|  0%| F|  |TAMS 0x0000000085200000, 0x0000000085200000| Untracked 
|  53|0x0000000085300000, 0x0000000085300000, 0x0000000085400000|  0%| F|  |TAMS 0x0000000085300000, 0x0000000085300000| Untracked 
|  54|0x0000000085400000, 0x0000000085400000, 0x0000000085500000|  0%| F|  |TAMS 0x0000000085400000, 0x0000000085400000| Untracked 
|  55|0x0000000085500000, 0x0000000085500000, 0x0000000085600000|  0%| F|  |TAMS 0x0000000085500000, 0x0000000085500000| Untracked 
|  56|0x0000000085600000, 0x0000000085600000, 0x0000000085700000|  0%| F|  |TAMS 0x0000000085600000, 0x0000000085600000| Untracked 
|  57|0x0000000085700000, 0x0000000085700000, 0x0000000085800000|  0%| F|  |TAMS 0x0000000085700000, 0x0000000085700000| Untracked 
|  58|0x0000000085800000, 0x0000000085800000, 0x0000000085900000|  0%| F|  |TAMS 0x0000000085800000, 0x0000000085800000| Untracked 
|  59|0x0000000085900000, 0x0000000085900000, 0x0000000085a00000|  0%| F|  |TAMS 0x0000000085900000, 0x0000000085900000| Untracked 
|  60|0x0000000085a00000, 0x0000000085a00000, 0x0000000085b00000|  0%| F|  |TAMS 0x0000000085a00000, 0x0000000085a00000| Untracked 
|  61|0x0000000085b00000, 0x0000000085b00000, 0x0000000085c00000|  0%| F|  |TAMS 0x0000000085b00000, 0x0000000085b00000| Untracked 
|  62|0x0000000085c00000, 0x0000000085c00000, 0x0000000085d00000|  0%| F|  |TAMS 0x0000000085c00000, 0x0000000085c00000| Untracked 
|  63|0x0000000085d00000, 0x0000000085d00000, 0x0000000085e00000|  0%| F|  |TAMS 0x0000000085d00000, 0x0000000085d00000| Untracked 
|  64|0x0000000085e00000, 0x0000000085e00000, 0x0000000085f00000|  0%| F|  |TAMS 0x0000000085e00000, 0x0000000085e00000| Untracked 
|  65|0x0000000085f00000, 0x0000000085f00000, 0x0000000086000000|  0%| F|  |TAMS 0x0000000085f00000, 0x0000000085f00000| Untracked 
|  66|0x0000000086000000, 0x0000000086000000, 0x0000000086100000|  0%| F|  |TAMS 0x0000000086000000, 0x0000000086000000| Untracked 
|  67|0x0000000086100000, 0x0000000086100000, 0x0000000086200000|  0%| F|  |TAMS 0x0000000086100000, 0x0000000086100000| Untracked 
|  68|0x0000000086200000, 0x0000000086200000, 0x0000000086300000|  0%| F|  |TAMS 0x0000000086200000, 0x0000000086200000| Untracked 
|  69|0x0000000086300000, 0x0000000086300000, 0x0000000086400000|  0%| F|  |TAMS 0x0000000086300000, 0x0000000086300000| Untracked 
|  70|0x0000000086400000, 0x0000000086400000, 0x0000000086500000|  0%| F|  |TAMS 0x0000000086400000, 0x0000000086400000| Untracked 
|  71|0x0000000086500000, 0x0000000086500000, 0x0000000086600000|  0%| F|  |TAMS 0x0000000086500000, 0x0000000086500000| Untracked 
|  72|0x0000000086600000, 0x0000000086600000, 0x0000000086700000|  0%| F|  |TAMS 0x0000000086600000, 0x0000000086600000| Untracked 
|  73|0x0000000086700000, 0x0000000086700000, 0x0000000086800000|  0%| F|  |TAMS 0x0000000086700000, 0x0000000086700000| Untracked 
|  74|0x0000000086800000, 0x0000000086800000, 0x0000000086900000|  0%| F|  |TAMS 0x0000000086800000, 0x0000000086800000| Untracked 
|  75|0x0000000086900000, 0x0000000086900000, 0x0000000086a00000|  0%| F|  |TAMS 0x0000000086900000, 0x0000000086900000| Untracked 
|  76|0x0000000086a00000, 0x0000000086a00000, 0x0000000086b00000|  0%| F|  |TAMS 0x0000000086a00000, 0x0000000086a00000| Untracked 
|  77|0x0000000086b00000, 0x0000000086b00000, 0x0000000086c00000|  0%| F|  |TAMS 0x0000000086b00000, 0x0000000086b00000| Untracked 
|  78|0x0000000086c00000, 0x0000000086c00000, 0x0000000086d00000|  0%| F|  |TAMS 0x0000000086c00000, 0x0000000086c00000| Untracked 
|  79|0x0000000086d00000, 0x0000000086d00000, 0x0000000086e00000|  0%| F|  |TAMS 0x0000000086d00000, 0x0000000086d00000| Untracked 
|  80|0x0000000086e00000, 0x0000000086e00000, 0x0000000086f00000|  0%| F|  |TAMS 0x0000000086e00000, 0x0000000086e00000| Untracked 
|  81|0x0000000086f00000, 0x0000000086f00000, 0x0000000087000000|  0%| F|  |TAMS 0x0000000086f00000, 0x0000000086f00000| Untracked 
|  82|0x0000000087000000, 0x0000000087000000, 0x0000000087100000|  0%| F|  |TAMS 0x0000000087000000, 0x0000000087000000| Untracked 
|  83|0x0000000087100000, 0x0000000087100000, 0x0000000087200000|  0%| F|  |TAMS 0x0000000087100000, 0x0000000087100000| Untracked 
|  84|0x0000000087200000, 0x0000000087200000, 0x0000000087300000|  0%| F|  |TAMS 0x0000000087200000, 0x0000000087200000| Untracked 
|  85|0x0000000087300000, 0x0000000087300000, 0x0000000087400000|  0%| F|  |TAMS 0x0000000087300000, 0x0000000087300000| Untracked 
|  86|0x0000000087400000, 0x0000000087400000, 0x0000000087500000|  0%| F|  |TAMS 0x0000000087400000, 0x0000000087400000| Untracked 
|  87|0x0000000087500000, 0x0000000087500000, 0x0000000087600000|  0%| F|  |TAMS 0x0000000087500000, 0x0000000087500000| Untracked 
|  88|0x0000000087600000, 0x0000000087600000, 0x0000000087700000|  0%| F|  |TAMS 0x0000000087600000, 0x0000000087600000| Untracked 
|  89|0x0000000087700000, 0x0000000087700000, 0x0000000087800000|  0%| F|  |TAMS 0x0000000087700000, 0x0000000087700000| Untracked 
|  90|0x0000000087800000, 0x0000000087800000, 0x0000000087900000|  0%| F|  |TAMS 0x0000000087800000, 0x0000000087800000| Untracked 
|  91|0x0000000087900000, 0x0000000087900000, 0x0000000087a00000|  0%| F|  |TAMS 0x0000000087900000, 0x0000000087900000| Untracked 
|  92|0x0000000087a00000, 0x0000000087a00000, 0x0000000087b00000|  0%| F|  |TAMS 0x0000000087a00000, 0x0000000087a00000| Untracked 
|  93|0x0000000087b00000, 0x0000000087b00000, 0x0000000087c00000|  0%| F|  |TAMS 0x0000000087b00000, 0x0000000087b00000| Untracked 
|  94|0x0000000087c00000, 0x0000000087c00000, 0x0000000087d00000|  0%| F|  |TAMS 0x0000000087c00000, 0x0000000087c00000| Untracked 
|  95|0x0000000087d00000, 0x0000000087d00000, 0x0000000087e00000|  0%| F|  |TAMS 0x0000000087d00000, 0x0000000087d00000| Untracked 
|  96|0x0000000087e00000, 0x0000000087e00000, 0x0000000087f00000|  0%| F|  |TAMS 0x0000000087e00000, 0x0000000087e00000| Untracked 
|  97|0x0000000087f00000, 0x0000000087f00000, 0x0000000088000000|  0%| F|  |TAMS 0x0000000087f00000, 0x0000000087f00000| Untracked 
|  98|0x0000000088000000, 0x0000000088000000, 0x0000000088100000|  0%| F|  |TAMS 0x0000000088000000, 0x0000000088000000| Untracked 
|  99|0x0000000088100000, 0x0000000088100000, 0x0000000088200000|  0%| F|  |TAMS 0x0000000088100000, 0x0000000088100000| Untracked 
| 100|0x0000000088200000, 0x0000000088200000, 0x0000000088300000|  0%| F|  |TAMS 0x0000000088200000, 0x0000000088200000| Untracked 
| 101|0x0000000088300000, 0x0000000088300000, 0x0000000088400000|  0%| F|  |TAMS 0x0000000088300000, 0x0000000088300000| Untracked 
| 102|0x0000000088400000, 0x0000000088400000, 0x0000000088500000|  0%| F|  |TAMS 0x0000000088400000, 0x0000000088400000| Untracked 
| 103|0x0000000088500000, 0x0000000088500000, 0x0000000088600000|  0%| F|  |TAMS 0x0000000088500000, 0x0000000088500000| Untracked 
| 104|0x0000000088600000, 0x0000000088600000, 0x0000000088700000|  0%| F|  |TAMS 0x0000000088600000, 0x0000000088600000| Untracked 
| 105|0x0000000088700000, 0x0000000088700000, 0x0000000088800000|  0%| F|  |TAMS 0x0000000088700000, 0x0000000088700000| Untracked 
| 106|0x0000000088800000, 0x0000000088800000, 0x0000000088900000|  0%| F|  |TAMS 0x0000000088800000, 0x0000000088800000| Untracked 
| 107|0x0000000088900000, 0x0000000088900000, 0x0000000088a00000|  0%| F|  |TAMS 0x0000000088900000, 0x0000000088900000| Untracked 
| 108|0x0000000088a00000, 0x0000000088a00000, 0x0000000088b00000|  0%| F|  |TAMS 0x0000000088a00000, 0x0000000088a00000| Untracked 
| 109|0x0000000088b00000, 0x0000000088b7c5e0, 0x0000000088c00000| 48%| E|  |TAMS 0x0000000088b00000, 0x0000000088b00000| Complete 
| 110|0x0000000088c00000, 0x0000000088d00000, 0x0000000088d00000|100%| E|CS|TAMS 0x0000000088c00000, 0x0000000088c00000| Complete 
| 111|0x0000000088d00000, 0x0000000088e00000, 0x0000000088e00000|100%| E|CS|TAMS 0x0000000088d00000, 0x0000000088d00000| Complete 
| 112|0x0000000088e00000, 0x0000000088f00000, 0x0000000088f00000|100%| E|CS|TAMS 0x0000000088e00000, 0x0000000088e00000| Complete 
| 113|0x0000000088f00000, 0x0000000089000000, 0x0000000089000000|100%| E|CS|TAMS 0x0000000088f00000, 0x0000000088f00000| Complete 
| 114|0x0000000089000000, 0x0000000089100000, 0x0000000089100000|100%| E|CS|TAMS 0x0000000089000000, 0x0000000089000000| Complete 
| 115|0x0000000089100000, 0x0000000089200000, 0x0000000089200000|100%| E|CS|TAMS 0x0000000089100000, 0x0000000089100000| Complete 
| 116|0x0000000089200000, 0x0000000089300000, 0x0000000089300000|100%| E|CS|TAMS 0x0000000089200000, 0x0000000089200000| Complete 
| 117|0x0000000089300000, 0x0000000089400000, 0x0000000089400000|100%| E|CS|TAMS 0x0000000089300000, 0x0000000089300000| Complete 
| 118|0x0000000089400000, 0x0000000089500000, 0x0000000089500000|100%| E|CS|TAMS 0x0000000089400000, 0x0000000089400000| Complete 
| 119|0x0000000089500000, 0x0000000089600000, 0x0000000089600000|100%| E|CS|TAMS 0x0000000089500000, 0x0000000089500000| Complete 
| 120|0x0000000089600000, 0x0000000089700000, 0x0000000089700000|100%| E|CS|TAMS 0x0000000089600000, 0x0000000089600000| Complete 
| 121|0x0000000089700000, 0x0000000089800000, 0x0000000089800000|100%| E|CS|TAMS 0x0000000089700000, 0x0000000089700000| Complete 
| 122|0x0000000089800000, 0x0000000089900000, 0x0000000089900000|100%| E|CS|TAMS 0x0000000089800000, 0x0000000089800000| Complete 
| 123|0x0000000089900000, 0x0000000089a00000, 0x0000000089a00000|100%| E|CS|TAMS 0x0000000089900000, 0x0000000089900000| Complete 
| 124|0x0000000089a00000, 0x0000000089b00000, 0x0000000089b00000|100%| E|CS|TAMS 0x0000000089a00000, 0x0000000089a00000| Complete 
| 125|0x0000000089b00000, 0x0000000089c00000, 0x0000000089c00000|100%| E|  |TAMS 0x0000000089b00000, 0x0000000089b00000| Complete 
| 126|0x0000000089c00000, 0x0000000089d00000, 0x0000000089d00000|100%| E|CS|TAMS 0x0000000089c00000, 0x0000000089c00000| Complete 
| 127|0x0000000089d00000, 0x0000000089e00000, 0x0000000089e00000|100%| E|CS|TAMS 0x0000000089d00000, 0x0000000089d00000| Complete 

Card table byte_map: [0x000001c320830000,0x000001c320c30000] _byte_map_base: 0x000001c320421000

Marking Bits (Prev, Next): (CMBitMap*) 0x000001c30bb8f7a0, (CMBitMap*) 0x000001c30bb8f7e0
 Prev Bits: [0x000001c321030000, 0x000001c322fb8000)
 Next Bits: [0x000001c322fc0000, 0x000001c324f48000)

Polling page: 0x000001c310990000

Metaspace:

Usage:
  Non-class:     12.32 MB used.
      Class:      1.36 MB used.
       Both:     13.67 MB used.

Virtual space:
  Non-class space:       64.00 MB reserved,      12.38 MB ( 19%) committed,  1 nodes.
      Class space:        1.00 GB reserved,       1.44 MB ( <1%) committed,  1 nodes.
             Both:        1.06 GB reserved,      13.81 MB (  1%) committed. 

Chunk freelists:
   Non-Class:  2.69 MB
       Class:  14.53 MB
        Both:  17.23 MB

MaxMetaspaceSize: unlimited
CompressedClassSpaceSize: 1.00 GB
Initial GC threshold: 21.00 MB
Current GC threshold: 21.00 MB
CDS: off
MetaspaceReclaimPolicy: balanced
 - commit_granule_bytes: 65536.
 - commit_granule_words: 8192.
 - virtual_space_node_default_size: 8388608.
 - enlarge_chunks_in_place: 1.
 - new_chunks_are_fully_committed: 0.
 - uncommit_free_chunks: 1.
 - use_allocation_guard: 0.
 - handle_deallocations: 1.


Internal statistics:

num_allocs_failed_limit: 0.
num_arena_births: 150.
num_arena_deaths: 0.
num_vsnodes_births: 2.
num_vsnodes_deaths: 0.
num_space_committed: 221.
num_space_uncommitted: 0.
num_chunks_returned_to_freelist: 0.
num_chunks_taken_from_freelist: 311.
num_chunk_merges: 0.
num_chunk_splits: 186.
num_chunks_enlarged: 124.
num_inconsistent_stats: 0.

CodeHeap 'non-profiled nmethods': size=120000Kb used=384Kb max_used=384Kb free=119615Kb
 bounds [0x000001c318480000, 0x000001c3186f0000, 0x000001c31f9b0000]
CodeHeap 'profiled nmethods': size=120000Kb used=1926Kb max_used=1926Kb free=118073Kb
 bounds [0x000001c3109b0000, 0x000001c310c20000, 0x000001c317ee0000]
CodeHeap 'non-nmethods': size=5760Kb used=1155Kb max_used=1175Kb free=4604Kb
 bounds [0x000001c317ee0000, 0x000001c318150000, 0x000001c318480000]
 total_blobs=1543 nmethods=1099 adapters=357
 compilation: enabled
              stopped_count=0, restarted_count=0
 full_count=0

Compilation events (20 events):
Event: 0.724 Thread 0x000001c327aac190 nmethod 1026 0x000001c310b6cd90 code [0x000001c310b6cf40, 0x000001c310b6d128]
Event: 0.724 Thread 0x000001c327aac190 1027       3       java.lang.invoke.LambdaForm$NamedFunction::intrinsicName (21 bytes)
Event: 0.725 Thread 0x000001c327c29f10 nmethod 1025 0x000001c3184db510 code [0x000001c3184db680, 0x000001c3184db8b8]
Event: 0.725 Thread 0x000001c327aac190 nmethod 1027 0x000001c310b6d210 code [0x000001c310b6d3c0, 0x000001c310b6d608]
Event: 0.725 Thread 0x000001c327aac190 1028       3       java.lang.invoke.LambdaForm$NamedFunction::member (26 bytes)
Event: 0.725 Thread 0x000001c327aac190 nmethod 1028 0x000001c310b6d710 code [0x000001c310b6d8a0, 0x000001c310b6d9b8]
Event: 0.725 Thread 0x000001c327aac190 1030       3       java.util.zip.ZipFile$InflaterCleanupAction::run (12 bytes)
Event: 0.725 Thread 0x000001c327aac190 nmethod 1030 0x000001c310b6da90 code [0x000001c310b6dc40, 0x000001c310b6dd88]
Event: 0.725 Thread 0x000001c327aac190 1031   !   3       java.util.zip.ZipFile$CleanableResource::releaseInflater (53 bytes)
Event: 0.725 Thread 0x000001c327aac190 nmethod 1031 0x000001c310b6de90 code [0x000001c310b6e060, 0x000001c310b6e468]
Event: 0.725 Thread 0x000001c327aac190 1032   !   3       java.util.zip.Inflater::reset (64 bytes)
Event: 0.726 Thread 0x000001c327aac190 nmethod 1032 0x000001c310b6e690 code [0x000001c310b6e860, 0x000001c310b6ebb8]
Event: 0.726 Thread 0x000001c327aac190 1034       3       java.util.zip.ZipEntry::<init> (84 bytes)
Event: 0.726 Thread 0x000001c327aac190 nmethod 1034 0x000001c310b6ed90 code [0x000001c310b6ef80, 0x000001c310b6f4f8]
Event: 0.727 Thread 0x000001c327aac190 1035       3       java.lang.invoke.DirectMethodHandle::<init> (148 bytes)
Event: 0.728 Thread 0x000001c327aac190 nmethod 1035 0x000001c310b6f710 code [0x000001c310b6f9c0, 0x000001c310b70908]
Event: 0.728 Thread 0x000001c327aac190 1036       1       java.util.HashMap::size (5 bytes)
Event: 0.728 Thread 0x000001c327aac190 nmethod 1036 0x000001c3184db910 code [0x000001c3184dbaa0, 0x000001c3184dbb78]
Event: 0.729 Thread 0x000001c327aac190 1037       3       jdk.internal.org.objectweb.asm.SymbolTable::addConstantString (8 bytes)
Event: 0.729 Thread 0x000001c327aac190 nmethod 1037 0x000001c310b70e10 code [0x000001c310b70fa0, 0x000001c310b710e8]

GC Heap History (0 events):
No events

Dll operation events (6 events):
Event: 0.007 Loaded shared library C:\Users\dell\.p2\pool\plugins\org.eclipse.justj.openjdk.hotspot.jre.full.win32.x86_64_17.0.7.v20230425-1502\jre\bin\java.dll
Event: 0.135 Loaded shared library C:\Users\dell\.p2\pool\plugins\org.eclipse.justj.openjdk.hotspot.jre.full.win32.x86_64_17.0.7.v20230425-1502\jre\bin\net.dll
Event: 0.136 Loaded shared library C:\Users\dell\.p2\pool\plugins\org.eclipse.justj.openjdk.hotspot.jre.full.win32.x86_64_17.0.7.v20230425-1502\jre\bin\nio.dll
Event: 0.146 Loaded shared library C:\Users\dell\.p2\pool\plugins\org.eclipse.justj.openjdk.hotspot.jre.full.win32.x86_64_17.0.7.v20230425-1502\jre\bin\zip.dll
Event: 0.282 Loaded shared library C:\Users\dell\.p2\pool\plugins\org.eclipse.justj.openjdk.hotspot.jre.full.win32.x86_64_17.0.7.v20230425-1502\jre\bin\jimage.dll
Event: 0.334 Loaded shared library C:\Users\dell\.p2\pool\plugins\org.eclipse.justj.openjdk.hotspot.jre.full.win32.x86_64_17.0.7.v20230425-1502\jre\bin\verify.dll

Deoptimization events (20 events):
Event: 0.168 Thread 0x000001c30bb31290 DEOPT PACKING pc=0x000001c3109b7151 sp=0x00000085114fa870
Event: 0.168 Thread 0x000001c30bb31290 DEOPT UNPACKING pc=0x000001c317f37143 sp=0x00000085114f9ce8 mode 0
Event: 0.171 Thread 0x000001c30bb31290 DEOPT PACKING pc=0x000001c3109b7151 sp=0x00000085114fa110
Event: 0.171 Thread 0x000001c30bb31290 DEOPT UNPACKING pc=0x000001c317f37143 sp=0x00000085114f9588 mode 0
Event: 0.293 Thread 0x000001c30bb31290 Uncommon trap: trap_request=0xffffff45 fr.pc=0x000001c31849a680 relative=0x0000000000000260
Event: 0.293 Thread 0x000001c30bb31290 Uncommon trap: reason=unstable_if action=reinterpret pc=0x000001c31849a680 method=java.lang.String.startsWith(Ljava/lang/String;I)Z @ 1 c2
Event: 0.293 Thread 0x000001c30bb31290 DEOPT PACKING pc=0x000001c31849a680 sp=0x00000085114fe4a0
Event: 0.293 Thread 0x000001c30bb31290 DEOPT UNPACKING pc=0x000001c317f369a3 sp=0x00000085114fe408 mode 2
Event: 0.314 Thread 0x000001c30bb31290 Uncommon trap: trap_request=0xffffff45 fr.pc=0x000001c318489be4 relative=0x0000000000000064
Event: 0.314 Thread 0x000001c30bb31290 Uncommon trap: reason=unstable_if action=reinterpret pc=0x000001c318489be4 method=java.io.WinNTFileSystem.isSlash(C)Z @ 9 c2
Event: 0.314 Thread 0x000001c30bb31290 DEOPT PACKING pc=0x000001c318489be4 sp=0x00000085114fe870
Event: 0.314 Thread 0x000001c30bb31290 DEOPT UNPACKING pc=0x000001c317f369a3 sp=0x00000085114fe7f8 mode 2
Event: 0.328 Thread 0x000001c30bb31290 DEOPT PACKING pc=0x000001c3109e7e43 sp=0x00000085114fa9e0
Event: 0.328 Thread 0x000001c30bb31290 DEOPT UNPACKING pc=0x000001c317f37143 sp=0x00000085114f9e30 mode 0
Event: 0.378 Thread 0x000001c30bb31290 DEOPT PACKING pc=0x000001c3109d89be sp=0x00000085114fe030
Event: 0.378 Thread 0x000001c30bb31290 DEOPT UNPACKING pc=0x000001c317f37143 sp=0x00000085114fd4a8 mode 0
Event: 0.561 Thread 0x000001c30bb31290 DEOPT PACKING pc=0x000001c3109f707e sp=0x00000085114fe010
Event: 0.561 Thread 0x000001c30bb31290 DEOPT UNPACKING pc=0x000001c317f37143 sp=0x00000085114fd480 mode 0
Event: 0.603 Thread 0x000001c30bb31290 DEOPT PACKING pc=0x000001c3109de856 sp=0x00000085114fa400
Event: 0.603 Thread 0x000001c30bb31290 DEOPT UNPACKING pc=0x000001c317f37143 sp=0x00000085114f9888 mode 0

Classes unloaded (0 events):
No events

Classes redefined (0 events):
No events

Internal exceptions (18 events):
Event: 0.340 Thread 0x000001c30bb31290 Exception <a 'java/lang/NoClassDefFoundError'{0x00000000896dd130}: org/slf4j/impl/StaticLoggerBinder> (0x00000000896dd130) 
thrown [s\src\hotspot\share\classfile\systemDictionary.cpp, line 245]
Event: 0.358 Thread 0x000001c30bb31290 Exception <a 'java/lang/NoSuchMethodError'{0x000000008955aad0}: 'int java.lang.invoke.DirectMethodHandle$Holder.invokeStaticInit(java.lang.Object, java.lang.Object)'> (0x000000008955aad0) 
thrown [s\src\hotspot\share\interpreter\linkResolver.cpp, line 759]
Event: 0.381 Thread 0x000001c30bb31290 Exception <a 'java/lang/NoSuchMethodError'{0x00000000895d6220}: 'void java.lang.invoke.DirectMethodHandle$Holder.invokeSpecial(java.lang.Object, java.lang.Object, java.lang.Object)'> (0x00000000895d6220) 
thrown [s\src\hotspot\share\interpreter\linkResolver.cpp, line 759]
Event: 0.410 Thread 0x000001c30bb31290 Exception <a 'java/lang/NoSuchMethodError'{0x000000008943f120}: 'java.lang.Object java.lang.invoke.DirectMethodHandle$Holder.invokeStaticInit(java.lang.Object)'> (0x000000008943f120) 
thrown [s\src\hotspot\share\interpreter\linkResolver.cpp, line 759]
Event: 0.430 Thread 0x000001c30bb31290 Exception <a 'java/lang/NoSuchMethodError'{0x00000000894593d0}: 'void java.lang.invoke.DirectMethodHandle$Holder.invokeStatic(java.lang.Object, java.lang.Object)'> (0x00000000894593d0) 
thrown [s\src\hotspot\share\interpreter\linkResolver.cpp, line 759]
Event: 0.463 Thread 0x000001c30bb31290 Exception <a 'java/lang/ClassNotFoundException'{0x00000000893746d0}: com/sun/org/apache/xerces/internal/impl/msg/spi/SAXMessagesProvider> (0x00000000893746d0) 
thrown [s\src\hotspot\share\classfile\systemDictionary.cpp, line 256]
Event: 0.502 Thread 0x000001c30bb31290 Exception <a 'java/lang/NoSuchMethodError'{0x0000000089244d38}: 'java.lang.Object java.lang.invoke.DirectMethodHandle$Holder.invokeStaticInit(java.lang.Object, int, int, int, int)'> (0x0000000089244d38) 
thrown [s\src\hotspot\share\interpreter\linkResolver.cpp, line 759]
Event: 0.543 Thread 0x000001c30bb31290 Exception <a 'java/lang/NoSuchMethodError'{0x0000000089274760}: 'java.lang.Object java.lang.invoke.DirectMethodHandle$Holder.invokeStaticInit(java.lang.Object, java.lang.Object, int, int, int, int)'> (0x0000000089274760) 
thrown [s\src\hotspot\share\interpreter\linkResolver.cpp, line 759]
Event: 0.635 Thread 0x000001c30bb31290 Exception <a 'java/lang/NoSuchMethodError'{0x0000000088f81938}: 'int java.lang.invoke.DirectMethodHandle$Holder.invokeInterface(java.lang.Object, java.lang.Object)'> (0x0000000088f81938) 
thrown [s\src\hotspot\share\interpreter\linkResolver.cpp, line 759]
Event: 0.636 Thread 0x000001c30bb31290 Exception <a 'java/lang/NoSuchMethodError'{0x0000000088f8b930}: 'java.lang.Object java.lang.invoke.Invokers$Holder.invokeExact_MT(java.lang.Object, java.lang.Object, java.lang.Object, java.lang.Object, java.lang.Object, java.lang.Object)'> (0x0000000088f8b930) 
thrown [s\src\hotspot\share\interpreter\linkResolver.cpp, line 759]
Event: 0.638 Thread 0x000001c30bb31290 Exception <a 'java/lang/NoSuchMethodError'{0x0000000088fa1958}: 'java.lang.Object java.lang.invoke.DirectMethodHandle$Holder.invokeInterface(java.lang.Object, java.lang.Object)'> (0x0000000088fa1958) 
thrown [s\src\hotspot\share\interpreter\linkResolver.cpp, line 759]
Event: 0.642 Thread 0x000001c30bb31290 Exception <a 'java/lang/NoSuchMethodError'{0x0000000088fc0cd8}: 'int java.lang.invoke.DirectMethodHandle$Holder.invokeVirtual(java.lang.Object, java.lang.Object)'> (0x0000000088fc0cd8) 
thrown [s\src\hotspot\share\interpreter\linkResolver.cpp, line 759]
Event: 0.659 Thread 0x000001c30bb31290 Exception <a 'java/lang/NoSuchMethodError'{0x0000000088e51bb8}: 'java.lang.Object java.lang.invoke.DirectMethodHandle$Holder.invokeSpecial(java.lang.Object, java.lang.Object, java.lang.Object, int, java.lang.Object)'> (0x0000000088e51bb8) 
thrown [s\src\hotspot\share\interpreter\linkResolver.cpp, line 759]
Event: 0.665 Thread 0x000001c30bb31290 Exception <a 'java/lang/NoSuchMethodError'{0x0000000088e6aad0}: 'int java.lang.invoke.DirectMethodHandle$Holder.invokeStaticInit(java.lang.Object, java.lang.Object, java.lang.Object)'> (0x0000000088e6aad0) 
thrown [s\src\hotspot\share\interpreter\linkResolver.cpp, line 759]
Event: 0.717 Thread 0x000001c30bb31290 Exception <a 'java/lang/IncompatibleClassChangeError'{0x0000000088c0fdb8}: Found class java.lang.Object, but interface was expected> (0x0000000088c0fdb8) 
thrown [s\src\hotspot\share\interpreter\linkResolver.cpp, line 826]
Event: 0.722 Thread 0x000001c30bb31290 Exception <a 'java/lang/NoSuchMethodError'{0x0000000088c28050}: 'java.lang.Object java.lang.invoke.DirectMethodHandle$Holder.invokeSpecial(java.lang.Object, java.lang.Object, java.lang.Object, java.lang.Object, java.lang.Object, java.lang.Object, java.lang.Object, java.lang.Object, java.lang.Object, java.lang.Object)'> (0x0000000088c28050) 
thrown [s\src\hotspot\share\interpreter\linkResolver.cpp, line 759]
Event: 0.722 Thread 0x000001c30bb31290 Exception <a 'java/lang/NoSuchMethodError'{0x0000000088c32d30}: 'java.lang.Object java.lang.invoke.DirectMethodHandle$Holder.newInvokeSpecial(java.lang.Object, java.lang.Object, java.lang.Object, java.lang.Object, java.lang.Object, java.lang.Object, java.lang.Object, java.lang.Object, java.lang.Object)'> (0x0000000088c32d30) 
thrown [s\src\hotspot\share\interpreter\linkResolver.cpp, line 759]
Event: 0.723 Thread 0x000001c30bb31290 Exception <a 'java/lang/NoSuchMethodError'{0x0000000088c38080}: 'java.lang.Object java.lang.invoke.Invokers$Holder.linkToTargetMethod(java.lang.Object, java.lang.Object, java.lang.Object, java.lang.Object, java.lang.Object, java.lang.Object, java.lang.Object, java.lang.Object, java.lang.Object)'> (0x0000000088c38080) 
thrown [s\src\hotspot\share\interpreter\linkResolver.cpp, line 759]

VM Operations (14 events):
Event: 0.147 Executing VM operation: HandshakeAllThreads
Event: 0.147 Executing VM operation: HandshakeAllThreads done
Event: 0.314 Executing VM operation: HandshakeAllThreads
Event: 0.314 Executing VM operation: HandshakeAllThreads done
Event: 0.394 Executing VM operation: HandshakeAllThreads
Event: 0.394 Executing VM operation: HandshakeAllThreads done
Event: 0.417 Executing VM operation: HandshakeAllThreads
Event: 0.417 Executing VM operation: HandshakeAllThreads done
Event: 0.481 Executing VM operation: HandshakeAllThreads
Event: 0.481 Executing VM operation: HandshakeAllThreads done
Event: 0.492 Executing VM operation: HandshakeAllThreads
Event: 0.492 Executing VM operation: HandshakeAllThreads done
Event: 0.549 Executing VM operation: HandshakeAllThreads
Event: 0.549 Executing VM operation: HandshakeAllThreads done

Events (20 events):
Event: 0.696 loading class java/lang/TypeNotPresentException
Event: 0.697 loading class java/lang/TypeNotPresentException done
Event: 0.711 loading class java/util/stream/ReferencePipeline$7
Event: 0.711 loading class java/util/stream/ReferencePipeline$7 done
Event: 0.712 loading class java/util/stream/ReferencePipeline$7$1
Event: 0.712 loading class java/util/stream/ReferencePipeline$7$1 done
Event: 0.714 loading class java/util/LinkedHashMap$LinkedEntrySet
Event: 0.714 loading class java/util/LinkedHashMap$LinkedEntrySet done
Event: 0.714 loading class java/util/LinkedHashMap$LinkedEntryIterator
Event: 0.714 loading class java/util/LinkedHashMap$LinkedEntryIterator done
Event: 0.715 loading class java/util/stream/ReferencePipeline$3
Event: 0.715 loading class java/util/stream/ReferencePipeline$3 done
Event: 0.716 loading class java/util/stream/ReferencePipeline$3$1
Event: 0.716 loading class java/util/stream/ReferencePipeline$3$1 done
Event: 0.728 loading class java/lang/Package$1PackageInfoProxy
Event: 0.728 loading class java/lang/Package$1PackageInfoProxy done
Event: 0.728 loading class java/util/ArrayList$SubList
Event: 0.728 loading class java/util/ArrayList$SubList done
Event: 0.728 loading class jdk/internal/vm/annotation/IntrinsicCandidate
Event: 0.728 loading class jdk/internal/vm/annotation/IntrinsicCandidate done


Dynamic libraries:
0x00007ff756c30000 - 0x00007ff756c3e000 	C:\Users\dell\.p2\pool\plugins\org.eclipse.justj.openjdk.hotspot.jre.full.win32.x86_64_17.0.7.v20230425-1502\jre\bin\javaw.exe
0x00007ffd50d50000 - 0x00007ffd50f48000 	C:\WINDOWS\SYSTEM32\ntdll.dll
0x00007ffd4f310000 - 0x00007ffd4f3cd000 	C:\WINDOWS\System32\KERNEL32.DLL
0x00007ffd4e5e0000 - 0x00007ffd4e8d6000 	C:\WINDOWS\System32\KERNELBASE.dll
0x00007ffd4e4b0000 - 0x00007ffd4e5b0000 	C:\WINDOWS\System32\ucrtbase.dll
0x00007ffd40010000 - 0x00007ffd40027000 	C:\Users\dell\.p2\pool\plugins\org.eclipse.justj.openjdk.hotspot.jre.full.win32.x86_64_17.0.7.v20230425-1502\jre\bin\jli.dll
0x00007ffd40080000 - 0x00007ffd40099000 	C:\Users\dell\.p2\pool\plugins\org.eclipse.justj.openjdk.hotspot.jre.full.win32.x86_64_17.0.7.v20230425-1502\jre\bin\VCRUNTIME140.dll
0x00007ffd4fb40000 - 0x00007ffd4fcdf000 	C:\WINDOWS\System32\USER32.dll
0x00007ffd4e5b0000 - 0x00007ffd4e5d2000 	C:\WINDOWS\System32\win32u.dll
0x00007ffd2a1b0000 - 0x00007ffd2a44a000 	C:\WINDOWS\WinSxS\amd64_microsoft.windows.common-controls_6595b64144ccf1df_6.0.19041.4355_none_60b8b9eb71f62e16\COMCTL32.dll
0x00007ffd4f3d0000 - 0x00007ffd4f3fb000 	C:\WINDOWS\System32\GDI32.dll
0x00007ffd50650000 - 0x00007ffd506ee000 	C:\WINDOWS\System32\msvcrt.dll
0x00007ffd4ea60000 - 0x00007ffd4eb77000 	C:\WINDOWS\System32\gdi32full.dll
0x00007ffd4ece0000 - 0x00007ffd4ed7d000 	C:\WINDOWS\System32\msvcp_win.dll
0x00007ffd4f6f0000 - 0x00007ffd4f722000 	C:\WINDOWS\System32\IMM32.DLL
0x00007ffd41cf0000 - 0x00007ffd41cfc000 	C:\Users\dell\.p2\pool\plugins\org.eclipse.justj.openjdk.hotspot.jre.full.win32.x86_64_17.0.7.v20230425-1502\jre\bin\vcruntime140_1.dll
0x00007ffd3c640000 - 0x00007ffd3c6d1000 	C:\Users\dell\.p2\pool\plugins\org.eclipse.justj.openjdk.hotspot.jre.full.win32.x86_64_17.0.7.v20230425-1502\jre\bin\msvcp140.dll
0x00007ffcfb5e0000 - 0x00007ffcfc228000 	C:\Users\dell\.p2\pool\plugins\org.eclipse.justj.openjdk.hotspot.jre.full.win32.x86_64_17.0.7.v20230425-1502\jre\bin\server\jvm.dll
0x00007ffd4ed80000 - 0x00007ffd4ee30000 	C:\WINDOWS\System32\ADVAPI32.dll
0x00007ffd4f480000 - 0x00007ffd4f520000 	C:\WINDOWS\System32\sechost.dll
0x00007ffd4f860000 - 0x00007ffd4f983000 	C:\WINDOWS\System32\RPCRT4.dll
0x00007ffd4e9a0000 - 0x00007ffd4e9c7000 	C:\WINDOWS\System32\bcrypt.dll
0x00007ffd4c1c0000 - 0x00007ffd4c1e7000 	C:\WINDOWS\SYSTEM32\WINMM.dll
0x00007ffd450e0000 - 0x00007ffd450ea000 	C:\WINDOWS\SYSTEM32\VERSION.dll
0x00007ffd40000000 - 0x00007ffd40009000 	C:\WINDOWS\SYSTEM32\WSOCK32.dll
0x00007ffd4f7f0000 - 0x00007ffd4f85b000 	C:\WINDOWS\System32\WS2_32.dll
0x00007ffd4cbd0000 - 0x00007ffd4cbe2000 	C:\WINDOWS\SYSTEM32\kernel.appcore.dll
0x00007ffd3fd20000 - 0x00007ffd3fd2a000 	C:\Users\dell\.p2\pool\plugins\org.eclipse.justj.openjdk.hotspot.jre.full.win32.x86_64_17.0.7.v20230425-1502\jre\bin\jimage.dll
0x00007ffd4bfd0000 - 0x00007ffd4c1b4000 	C:\WINDOWS\SYSTEM32\DBGHELP.DLL
0x00007ffd4be40000 - 0x00007ffd4be74000 	C:\WINDOWS\SYSTEM32\dbgcore.DLL
0x00007ffd4e9d0000 - 0x00007ffd4ea52000 	C:\WINDOWS\System32\bcryptPrimitives.dll
0x00007ffd3dbc0000 - 0x00007ffd3dbe5000 	C:\Users\dell\.p2\pool\plugins\org.eclipse.justj.openjdk.hotspot.jre.full.win32.x86_64_17.0.7.v20230425-1502\jre\bin\java.dll
0x00007ffd3e3e0000 - 0x00007ffd3e3f8000 	C:\Users\dell\.p2\pool\plugins\org.eclipse.justj.openjdk.hotspot.jre.full.win32.x86_64_17.0.7.v20230425-1502\jre\bin\zip.dll
0x00007ffd4fce0000 - 0x00007ffd5044b000 	C:\WINDOWS\System32\SHELL32.dll
0x00007ffd4c420000 - 0x00007ffd4cbbd000 	C:\WINDOWS\SYSTEM32\windows.storage.dll
0x00007ffd509b0000 - 0x00007ffd50d03000 	C:\WINDOWS\System32\combase.dll
0x00007ffd4dc70000 - 0x00007ffd4dc9e000 	C:\WINDOWS\SYSTEM32\Wldp.dll
0x00007ffd506f0000 - 0x00007ffd507bd000 	C:\WINDOWS\System32\OLEAUT32.dll
0x00007ffd50470000 - 0x00007ffd5051d000 	C:\WINDOWS\System32\SHCORE.dll
0x00007ffd50950000 - 0x00007ffd509a5000 	C:\WINDOWS\System32\shlwapi.dll
0x00007ffd4e330000 - 0x00007ffd4e354000 	C:\WINDOWS\SYSTEM32\profapi.dll
0x00007ffd3d580000 - 0x00007ffd3d599000 	C:\Users\dell\.p2\pool\plugins\org.eclipse.justj.openjdk.hotspot.jre.full.win32.x86_64_17.0.7.v20230425-1502\jre\bin\net.dll
0x00007ffd44fd0000 - 0x00007ffd450da000 	C:\WINDOWS\SYSTEM32\WINHTTP.dll
0x00007ffd4da50000 - 0x00007ffd4daba000 	C:\WINDOWS\system32\mswsock.dll
0x00007ffd3cc50000 - 0x00007ffd3cc65000 	C:\Users\dell\.p2\pool\plugins\org.eclipse.justj.openjdk.hotspot.jre.full.win32.x86_64_17.0.7.v20230425-1502\jre\bin\nio.dll
0x00007ffd3fcf0000 - 0x00007ffd3fd00000 	C:\Users\dell\.p2\pool\plugins\org.eclipse.justj.openjdk.hotspot.jre.full.win32.x86_64_17.0.7.v20230425-1502\jre\bin\verify.dll
0x00007ffd4d790000 - 0x00007ffd4d85b000 	C:\WINDOWS\SYSTEM32\DNSAPI.dll
0x00007ffd4d750000 - 0x00007ffd4d78b000 	C:\WINDOWS\SYSTEM32\IPHLPAPI.DLL
0x00007ffd4ee30000 - 0x00007ffd4ee38000 	C:\WINDOWS\System32\NSI.dll
0x00007ffd3a760000 - 0x00007ffd3a76a000 	C:\Windows\System32\rasadhlp.dll
0x00007ffd3c000000 - 0x00007ffd3c080000 	C:\WINDOWS\System32\fwpuclnt.dll
0x00007ffd4dcb0000 - 0x00007ffd4dcc8000 	C:\WINDOWS\SYSTEM32\CRYPTSP.dll
0x00007ffd4d390000 - 0x00007ffd4d3c4000 	C:\WINDOWS\system32\rsaenh.dll
0x00007ffd4e2a0000 - 0x00007ffd4e2ce000 	C:\WINDOWS\SYSTEM32\USERENV.dll
0x00007ffd4dbe0000 - 0x00007ffd4dbec000 	C:\WINDOWS\SYSTEM32\CRYPTBASE.dll
0x00007ffd45b50000 - 0x00007ffd45b67000 	C:\WINDOWS\SYSTEM32\dhcpcsvc6.DLL
0x00007ffd46a20000 - 0x00007ffd46a3d000 	C:\WINDOWS\SYSTEM32\dhcpcsvc.DLL

dbghelp: loaded successfully - version: 4.0.5 - missing functions: none
symbol engine: initialized successfully - sym options: 0x614 - pdb path: .;C:\Users\dell\.p2\pool\plugins\org.eclipse.justj.openjdk.hotspot.jre.full.win32.x86_64_17.0.7.v20230425-1502\jre\bin;C:\WINDOWS\SYSTEM32;C:\WINDOWS\WinSxS\amd64_microsoft.windows.common-controls_6595b64144ccf1df_6.0.19041.4355_none_60b8b9eb71f62e16;C:\Users\dell\.p2\pool\plugins\org.eclipse.justj.openjdk.hotspot.jre.full.win32.x86_64_17.0.7.v20230425-1502\jre\bin\server

VM Arguments:
jvm_args: -ea -Dfile.encoding=UTF-8 -Dstdout.encoding=UTF-8 -Dstderr.encoding=UTF-8 -XX:+ShowCodeDetailsInExceptionMessages 
java_command: org.testng.remote.RemoteTestNG -serport 60827 -protocol json -d C:\Users\dell\eclipse-workspace\com.seleniumAssignment\test-output C:\Users\dell\eclipse-workspace\com.seleniumAssignment\src\test\resources\testRunners\testng_sanity.xml
java_class_path (initial): C:\Users\dell\eclipse\java-2024-09\eclipse\configuration\org.eclipse.osgi\526\0\.cp\lib\testng-remote.jar;C:\Users\dell\eclipse-workspace\com.seleniumAssignment\target\test-classes;C:\Users\dell\eclipse-workspace\com.seleniumAssignment\target\classes;C:\Users\dell\.m2\repository\org\seleniumhq\selenium\selenium-java\4.21.0\selenium-java-4.21.0.jar;C:\Users\dell\.m2\repository\org\seleniumhq\selenium\selenium-api\4.21.0\selenium-api-4.21.0.jar;C:\Users\dell\.m2\repository\org\seleniumhq\selenium\selenium-chrome-driver\4.21.0\selenium-chrome-driver-4.21.0.jar;C:\Users\dell\.m2\repository\com\google\auto\service\auto-service-annotations\1.1.1\auto-service-annotations-1.1.1.jar;C:\Users\dell\.m2\repository\org\seleniumhq\selenium\selenium-chromium-driver\4.21.0\selenium-chromium-driver-4.21.0.jar;C:\Users\dell\.m2\repository\org\seleniumhq\selenium\selenium-json\4.21.0\selenium-json-4.21.0.jar;C:\Users\dell\.m2\repository\org\seleniumhq\selenium\selenium-manager\4.21.0\selenium-manager-4.21.0.jar;C:\Users\dell\.m2\repository\org\seleniumhq\selenium\selenium-devtools-v123\4.21.0\selenium-devtools-v123-4.21.0.jar;C:\Users\dell\.m2\repository\org\seleniumhq\selenium\selenium-devtools-v124\4.21.0\selenium-devtools-v124-4.21.0.jar;C:\Users\dell\.m2\repository\org\seleniumhq\selenium\selenium-devtools-v125\4.21.0\selenium-devtools-v125-4.21.0.jar;C:\Users\dell\.m2\repository\org\seleniumhq\selenium\selenium-devtools-v85\4.21.0\selenium-devtools-v85-4.21.0.jar;C:\Users\dell\.m2\repository\org\seleniumhq\selenium\selenium-edge-driver\4.21.0\selenium-edge-driver-4.21.0.jar;C:\Users\dell\.m2\repository\org\seleniumhq\selenium\selenium-firefox-driver\4.21.0\selenium-firefox-driver-4.21.0.jar;C:\Users\dell\.m2\repository\org\seleniumhq\selenium\selenium-http\4.21.0\selenium-http-4.21.0.jar;C:\Users\dell\.m2\repository\dev\failsafe\failsafe\3.3.2\failsafe-3.3.2.jar;C:\Users\dell\.m2\repository\org\seleniumhq\selenium\selenium-ie-driver\4.21.0\selenium-ie
Launcher Type: SUN_STANDARD

[Global flags]
     intx CICompilerCount                          = 4                                         {product} {ergonomic}
     uint ConcGCThreads                            = 2                                         {product} {ergonomic}
     uint G1ConcRefinementThreads                  = 8                                         {product} {ergonomic}
   size_t G1HeapRegionSize                         = 1048576                                   {product} {ergonomic}
    uintx GCDrainStackTargetSize                   = 64                                        {product} {ergonomic}
   size_t InitialHeapSize                          = 134217728                                 {product} {ergonomic}
   size_t MarkStackSize                            = 4194304                                   {product} {ergonomic}
   size_t MaxHeapSize                              = 2116026368                                {product} {ergonomic}
   size_t MaxNewSize                               = 1268776960                                {product} {ergonomic}
   size_t MinHeapDeltaBytes                        = 1048576                                   {product} {ergonomic}
   size_t MinHeapSize                              = 8388608                                   {product} {ergonomic}
    uintx NonNMethodCodeHeapSize                   = 5839372                                {pd product} {ergonomic}
    uintx NonProfiledCodeHeapSize                  = 122909434                              {pd product} {ergonomic}
    uintx ProfiledCodeHeapSize                     = 122909434                              {pd product} {ergonomic}
    uintx ReservedCodeCacheSize                    = 251658240                              {pd product} {ergonomic}
     bool SegmentedCodeCache                       = true                                      {product} {ergonomic}
     bool ShowCodeDetailsInExceptionMessages       = true                                   {manageable} {command line}
   size_t SoftMaxHeapSize                          = 2116026368                             {manageable} {ergonomic}
     bool UseCompressedClassPointers               = true                           {product lp64_product} {ergonomic}
     bool UseCompressedOops                        = true                           {product lp64_product} {ergonomic}
     bool UseG1GC                                  = true                                      {product} {ergonomic}
     bool UseLargePagesIndividualAllocation        = false                                  {pd product} {ergonomic}

Logging:
Log output configuration:
 #0: stdout all=warning uptime,level,tags
 #1: stderr all=off uptime,level,tags

Environment Variables:
PATH=C:/Users/dell/.p2/pool/plugins/org.eclipse.justj.openjdk.hotspot.jre.full.win32.x86_64_22.0.2.v20240802-1626/jre/bin/server;C:/Users/dell/.p2/pool/plugins/org.eclipse.justj.openjdk.hotspot.jre.full.win32.x86_64_22.0.2.v20240802-1626/jre/bin;C:\Program Files\Common Files\Oracle\Java\javapath;C:\Program Files (x86)\Common Files\Oracle\Java\javapath;C:\WINDOWS\system32;C:\WINDOWS;C:\WINDOWS\System32\Wbem;C:\WINDOWS\System32\WindowsPowerShell\v1.0\;C:\WINDOWS\System32\OpenSSH\;C:\Program Files\dotnet\;C:\Program Files\Git\cmd;C:\Program Files\Docker\Docker\resources\bin;C:\Users\dell\AppData\Local\Microsoft\WindowsApps;;C:\Users\dell\Desktop;
USERNAME=dell
OS=Windows_NT
PROCESSOR_IDENTIFIER=Intel64 Family 6 Model 142 Stepping 12, GenuineIntel
TMP=C:\Users\dell\AppData\Local\Temp
TEMP=C:\Users\dell\AppData\Local\Temp



---------------  S Y S T E M  ---------------

OS:
 Windows 10 , 64 bit Build 19041 (10.0.19041.3636)
OS uptime: 34 days 1:42 hours
Hyper-V role detected

CPU: total 8 (initial active 8) (4 cores per cpu, 2 threads per core) family 6 model 142 stepping 12 microcode 0xf8, cx8, cmov, fxsr, ht, mmx, 3dnowpref, sse, sse2, sse3, ssse3, sse4.1, sse4.2, popcnt, lzcnt, tsc, tscinvbit, avx, avx2, aes, erms, clmul, bmi1, bmi2, adx, fma, vzeroupper, clflush, clflushopt, hv

Memory: 4k page, system-wide physical 8067M (1247M free)
TotalPageFile size 32643M (AvailPageFile size 5M)
current process WorkingSet (physical memory assigned to process): 79M, peak: 79M
current process commit charge ("private bytes"): 227M, peak: 227M

vm_info: OpenJDK 64-Bit Server VM (17.0.7+7) for windows-amd64 JRE (17.0.7+7), built on Apr 18 2023 22:10:42 by "temurin" with MS VC++ 16.7 (VS2019)

END.
